#
# A fatal error has been detected by the Java Runtime Environment:
#
#  SIGSEGV (0xb) at pc=0x000000010c77be28, pid=8123, tid=9267
#
# JRE version: 7.0_17-b02
# Java VM: Java HotSpot(TM) 64-Bit Server VM (23.7-b01 mixed mode bsd-amd64 compressed oops)
# Problematic frame:
# V  [libjvm.dylib+0x17be28]
#
# Failed to write core dump. Core dumps have been disabled. To enable core dumping, try "ulimit -c unlimited" before starting Java again
#
# If you would like to submit a bug report, please visit:
#   http://bugreport.sun.com/bugreport/crash.jsp
#

---------------  T H R E A D  ---------------

Current thread (0x00007f7fb1051000):  VMThread [stack: 0x0000000119d52000,0x0000000119e52000] [id=9267]

siginfo:si_signo=SIGSEGV: si_errno=0, si_code=1 (SEGV_MAPERR), si_addr=0x00000003e1765628

Registers:
RAX=0x00000003e1765620, RBX=0x00000003e1765620, RCX=0x0000000119e51803, RDX=0x00000003e1765610
RSP=0x0000000119e517a0, RBP=0x0000000119e517a0, RSI=0x00000003e1765620, RDI=0x00000003e1765620
R8 =0x00000007a0b6fcb8, R9 =0x000000010cca27aa, R10=0x00000000ea583226, R11=0x000000006091f6f0
R12=0x0000000781e10670, R13=0x0000000000000015, R14=0x0000000781e10670, R15=0x0000000781e10630
RIP=0x000000010c77be28, EFLAGS=0x0000000000010202, ERR=0x0000000000000004
  TRAPNO=0x000000000000000e

Top of Stack: (sp=0x0000000119e517a0)
0x0000000119e517a0:   0000000119e517d0 000000010c77c537
0x0000000119e517b0:   0000000119e517d0 00000007851924f8
0x0000000119e517c0:   0000000000000240 0000000781e10630
0x0000000119e517d0:   0000000119e51850 000000010ca20fed
0x0000000119e517e0:   00007f7fb2ff8000 00007f7fb0d06d50
0x0000000119e517f0:   0000000119e51880 0000000781e10630
0x0000000119e51800:   00007f7fb0d06d50 00000007a0b6fd60
0x0000000119e51810:   0000000780000060 0000000781e10460
0x0000000119e51820:   0000000000000000 0000000119e51880
0x0000000119e51830:   00007f7fb0d05df0 0000000008000000
0x0000000119e51840:   00007f7fb0d06d50 0000000119e51880
0x0000000119e51850:   0000000119e51870 000000010c830158
0x0000000119e51860:   00007f7fb0d062b0 00007f7fb0d05df0
0x0000000119e51870:   0000000119e518b0 000000010c827aa9
0x0000000119e51880:   00007f7fb0d07820 00007f7fb0d07a00
0x0000000119e51890:   00000007a0b6fe00 00007f7fb0d05df0
0x0000000119e518a0:   00007f7fb0d08210 0000000119e518d8
0x0000000119e518b0:   0000000119e51920 000000010c82a3c2
0x0000000119e518c0:   000000010cd2eb60 0000000700000001
0x0000000119e518d0:   000000010cd2eb60 0000000000010100
0x0000000119e518e0:   0000000000000000 0000000000000000
0x0000000119e518f0:   0000000006357000 0000000000000000
0x0000000119e51900:   00007f7fb0c0cdf0 0000000000000000
0x0000000119e51910:   0000000006357078 0000000000000001
0x0000000119e51920:   0000000119e51980 000000010c829fee
0x0000000119e51930:   000000010d010100 0000000000000000
0x0000000119e51940:   0000000119e51980 0000000000000000
0x0000000119e51950:   0000000000000000 00007f7fb0c0cdf0
0x0000000119e51960:   0000000000000000 00000007a0000000
0x0000000119e51970:   00007f7fb0d07820 00007f7fb0c36e60
0x0000000119e51980:   0000000119e519c0 000000010c830a27
0x0000000119e51990:   0000000119e519a0 0000000000000001 

Instructions: (pc=0x000000010c77be28)
0x000000010c77be08:   00 5d c3 90 55 48 89 e5 48 8b 47 18 48 89 47 20
0x000000010c77be18:   5d c3 55 48 89 e5 48 8d 47 10 5d c3 55 48 89 e5
0x000000010c77be28:   8b 47 08 5d c3 0f 1f 00 55 48 89 e5 89 f8 83 e0
0x000000010c77be38:   01 5d c3 0f 1f 44 00 00 55 48 89 e5 c1 ef 10 40 

Register to memory mapping:

RAX=0x00000003e1765620 is an unknown value
RBX=0x00000003e1765620 is an unknown value
RCX=0x0000000119e51803 is an unknown value
RDX=0x00000003e1765610 is an unknown value
RSP=0x0000000119e517a0 is an unknown value
RBP=0x0000000119e517a0 is an unknown value
RSI=0x00000003e1765620 is an unknown value
RDI=0x00000003e1765620 is an unknown value
R8 =0x00000007a0b6fcb8 is an unallocated location in the heap
R9 =0x000000010cca27aa: UseMemSetInBOT+0 in /Library/Java/JavaVirtualMachines/jdk1.7.0_17.jdk/Contents/Home/jre/lib/server/libjvm.dylib at 0x000000010c600000
R10=0x00000000ea583226 is an unknown value
R11=0x000000006091f6f0 is an unknown value
R12=
[error occurred during error reporting (printing register info), id 0xb]

Stack: [0x0000000119d52000,0x0000000119e52000],  sp=0x0000000119e517a0,  free space=1021k
Native frames: (J=compiled Java code, j=interpreted, Vv=VM code, C=native code)
V  [libjvm.dylib+0x17be28]
V  [libjvm.dylib+0x17c537]
V  [libjvm.dylib+0x420fed]
V  [libjvm.dylib+0x230158]
V  [libjvm.dylib+0x227aa9]
V  [libjvm.dylib+0x22a3c2]
V  [libjvm.dylib+0x229fee]
V  [libjvm.dylib+0x230a27]
V  [libjvm.dylib+0x228d53]
V  [libjvm.dylib+0x22909e]
V  [libjvm.dylib+0x4a3a1b]
V  [libjvm.dylib+0x4a9f05]
V  [libjvm.dylib+0x4a8c8a]
V  [libjvm.dylib+0x4a9078]
V  [libjvm.dylib+0x4a8a27]
V  [libjvm.dylib+0x3b5191]
C  [libsystem_pthread.dylib+0x1899]  _pthread_body+0x8a
C  [libsystem_pthread.dylib+0x172a]  _pthread_struct_init+0x0
C  [libsystem_pthread.dylib+0x5fc9]  thread_start+0xd

VM_Operation (0x000000011b2ef2d8): GenCollectForPermanentAllocation, mode: safepoint, requested by thread 0x00007f7fb1c30000


---------------  P R O C E S S  ---------------

Java Threads: ( => current thread )
  0x00007f7fb1c92000 JavaThread "pool-4-thread-4" [_thread_blocked, id=19715, stack(0x000000011b54d000,0x000000011b64d000)]
  0x00007f7fb1478800 JavaThread "pool-4-thread-3" [_thread_blocked, id=19203, stack(0x000000011b44a000,0x000000011b54a000)]
  0x00007f7fb1e0b800 JavaThread "pool-4-thread-2" [_thread_blocked, id=18947, stack(0x000000011b2f7000,0x000000011b3f7000)]
  0x00007f7fb1c30000 JavaThread "pool-4-thread-1" [_thread_blocked, id=18691, stack(0x000000011b1f4000,0x000000011b2f4000)]
  0x00007f7fb1b0d800 JavaThread "process reaper" daemon [_thread_blocked, id=16387, stack(0x000000011ad6b000,0x000000011ad93000)]
  0x00007f7fb183f000 JavaThread "Service Thread" daemon [_thread_blocked, id=15875, stack(0x000000011a533000,0x000000011a633000)]
  0x00007f7fb106f800 JavaThread "C2 CompilerThread1" daemon [_thread_blocked, id=15619, stack(0x000000011a430000,0x000000011a530000)]
  0x00007f7fb106e800 JavaThread "C2 CompilerThread0" daemon [_thread_blocked, id=15363, stack(0x000000011a32d000,0x000000011a42d000)]
  0x00007f7fb1836000 JavaThread "Signal Dispatcher" daemon [_thread_blocked, id=15107, stack(0x000000011a22a000,0x000000011a32a000)]
  0x00007f7fb180f800 JavaThread "Finalizer" daemon [_thread_blocked, id=10251, stack(0x0000000119f58000,0x000000011a058000)]
  0x00007f7fb1054000 JavaThread "Reference Handler" daemon [_thread_blocked, id=9515, stack(0x0000000119e55000,0x0000000119f55000)]
  0x00007f7fb1801000 JavaThread "main" [_thread_blocked, id=3335, stack(0x000000010c0f5000,0x000000010c1f5000)]

Other Threads:
=>0x00007f7fb1051000 VMThread [stack: 0x0000000119d52000,0x0000000119e52000] [id=9267]
  0x00007f7fb181d000 WatcherThread [stack: 0x000000011a636000,0x000000011a736000] [id=16131]

VM state:at safepoint (normal execution)

VM Mutex/Monitor currently owned by a thread:  ([mutex/lock_event])
[0x00007f7fb0c10e00] Threads_lock - owner thread: 0x00007f7fb1051000
[0x00007f7fb0c11300] Heap_lock - owner thread: 0x00007f7fb1c30000

Heap
 def new generation   total 157376K, used 95001K [0x0000000780000000, 0x000000078aac0000, 0x00000007a0000000)
  eden space 139904K,  59% used [0x0000000780000000, 0x00000007851924f8, 0x00000007888a0000)
  from space 17472K,  65% used [0x00000007899b0000, 0x000000078a4e40c8, 0x000000078aac0000)
  to   space 17472K,   0% used [0x00000007888a0000, 0x00000007888a0000, 0x00000007899b0000)
 tenured generation   total 349568K, used 6722K [0x00000007a0000000, 0x00000007b5560000, 0x00000007e0000000)
   the space 349568K,   1% used [0x00000007a0000000, 0x00000007a0690ab8, 0x00000007a0b6fe00, 0x00000007b5560000)
 compacting perm gen  total 32128K, used 32127K [0x00000007e0000000, 0x00000007e1f60000, 0x0000000800000000)
   the space 32128K,  99% used [0x00000007e0000000, 0x00000007e1f5fff8, 0x00000007e1f60000, 0x00000007e1f60000)
No shared spaces configured.

Card table byte_map: [0x00000001193f5000,0x00000001197f6000] byte_map_base: 0x00000001157f5000

Polling page: 0x000000010c1f7000

Code Cache  [0x000000010d0f5000, 0x000000010d365000, 0x00000001190f5000)
 total_blobs=1295 nmethods=969 adapters=277 free_code_cache=194728Kb largest_free_block=199351168

Compilation events (10 events):
Event: 8.696 Thread 0x00007f7fb106e800 nmethod 1036 0x000000010d23e290 code [0x000000010d23e3c0, 0x000000010d23e418]
Event: 8.697 Thread 0x00007f7fb106e800 1037             java.lang.StringCoding::scale (7 bytes)
Event: 8.697 Thread 0x00007f7fb106e800 nmethod 1037 0x000000010d2bc910 code [0x000000010d2bca40, 0x000000010d2bca98]
Event: 8.698 Thread 0x00007f7fb106f800 nmethod 1035 0x000000010d270590 code [0x000000010d270700, 0x000000010d2708f8]
Event: 8.729 Thread 0x00007f7fb106e800 1038   !         java.util.jar.Attributes::read (410 bytes)
Event: 8.762 Thread 0x00007f7fb106e800 nmethod 1038 0x000000010d2d4f90 code [0x000000010d2d5200, 0x000000010d2d6520]
Event: 8.762 Thread 0x00007f7fb106e800 1039             java.util.concurrent.locks.ReentrantLock::tryLock (9 bytes)
Event: 8.763 Thread 0x00007f7fb106f800 1040             java.util.concurrent.ConcurrentHashMap::entryAt (29 bytes)
Event: 8.764 Thread 0x00007f7fb106f800 nmethod 1040 0x000000010d270350 code [0x000000010d270480, 0x000000010d2704f8]
Event: 8.764 Thread 0x00007f7fb106e800 nmethod 1039 0x000000010d2d3490 code [0x000000010d2d35e0, 0x000000010d2d36d8]

GC Heap History (7 events):
Event: 4.134 GC heap before
{Heap before GC invocations=0 (full 0):
 def new generation   total 157248K, used 139776K [0x0000000780000000, 0x000000078aaa0000, 0x00000007a0000000)
  eden space 139776K, 100% used [0x0000000780000000, 0x0000000788880000, 0x0000000788880000)
  from space 17472K,   0% used [0x0000000788880000, 0x0000000788880000, 0x0000000789990000)
  to   space 17472K,   0% used [0x0000000789990000, 0x0000000789990000, 0x000000078aaa0000)
 tenured generation   total 349568K, used 0K [0x00000007a0000000, 0x00000007b5560000, 0x00000007e0000000)
   the space 349568K,   0% used [0x00000007a0000000, 0x00000007a0000000, 0x00000007a0000200, 0x00000007b5560000)
 compacting perm gen  total 22848K, used 22704K [0x00000007e0000000, 0x00000007e1650000, 0x0000000800000000)
   the space 22848K,  99% used [0x00000007e0000000, 0x00000007e162c140, 0x00000007e162c200, 0x00000007e1650000)
No shared spaces configured.
Event: 4.206 GC heap after
Heap after GC invocations=1 (full 0):
 def new generation   total 157248K, used 16677K [0x0000000780000000, 0x000000078aaa0000, 0x00000007a0000000)
  eden space 139776K,   0% used [0x0000000780000000, 0x0000000780000000, 0x0000000788880000)
  from space 17472K,  95% used [0x0000000789990000, 0x000000078a9d95a0, 0x000000078aaa0000)
  to   space 17472K,   0% used [0x0000000788880000, 0x0000000788880000, 0x0000000789990000)
 tenured generation   total 349568K, used 0K [0x00000007a0000000, 0x00000007b5560000, 0x00000007e0000000)
   the space 349568K,   0% used [0x00000007a0000000, 0x00000007a0000000, 0x00000007a0000200, 0x00000007b5560000)
 compacting perm gen  total 22848K, used 22704K [0x00000007e0000000, 0x00000007e1650000, 0x0000000800000000)
   the space 22848K,  99% used [0x00000007e0000000, 0x00000007e162c140, 0x00000007e162c200, 0x00000007e1650000)
No shared spaces configured.
}
Event: 5.284 GC heap before
{Heap before GC invocations=1 (full 0):
 def new generation   total 157248K, used 69888K [0x0000000780000000, 0x000000078aaa0000, 0x00000007a0000000)
  eden space 139776K,  38% used [0x0000000780000000, 0x00000007833f6cb8, 0x0000000788880000)
  from space 17472K,  95% used [0x0000000789990000, 0x000000078a9d95a0, 0x000000078aaa0000)
  to   space 17472K,   0% used [0x0000000788880000, 0x0000000788880000, 0x0000000789990000)
 tenured generation   total 349568K, used 0K [0x00000007a0000000, 0x00000007b5560000, 0x00000007e0000000)
   the space 349568K,   0% used [0x00000007a0000000, 0x00000007a0000000, 0x00000007a0000200, 0x00000007b5560000)
 compacting perm gen  total 26688K, used 26687K [0x00000007e0000000, 0x00000007e1a10000, 0x0000000800000000)
   the space 26688K,  99% used [0x00000007e0000000, 0x00000007e1a0fe70, 0x00000007e1a10000, 0x00000007e1a10000)
No shared spaces configured.
Event: 5.415 GC heap after
Heap after GC invocations=2 (full 1):
 def new generation   total 157376K, used 0K [0x0000000780000000, 0x000000078aac0000, 0x00000007a0000000)
  eden space 139904K,   0% used [0x0000000780000000, 0x0000000780000000, 0x00000007888a0000)
  from space 17472K,   0% used [0x00000007888a0000, 0x00000007888a0000, 0x00000007899b0000)
  to   space 17472K,   0% used [0x00000007899b0000, 0x00000007899b0000, 0x000000078aac0000)
 tenured generation   total 349568K, used 6722K [0x00000007a0000000, 0x00000007b5560000, 0x00000007e0000000)
   the space 349568K,   1% used [0x00000007a0000000, 0x00000007a0690ab8, 0x00000007a0690c00, 0x00000007b5560000)
 compacting perm gen  total 26688K, used 26687K [0x00000007e0000000, 0x00000007e1a10000, 0x0000000800000000)
   the space 26688K,  99% used [0x00000007e0000000, 0x00000007e1a0fe70, 0x00000007e1a10000, 0x00000007e1a10000)
No shared spaces configured.
}
Event: 7.820 GC heap before
{Heap before GC invocations=2 (full 1):
 def new generation   total 157376K, used 139904K [0x0000000780000000, 0x000000078aac0000, 0x00000007a0000000)
  eden space 139904K, 100% used [0x0000000780000000, 0x00000007888a0000, 0x00000007888a0000)
  from space 17472K,   0% used [0x00000007888a0000, 0x00000007888a0000, 0x00000007899b0000)
  to   space 17472K,   0% used [0x00000007899b0000, 0x00000007899b0000, 0x000000078aac0000)
 tenured generation   total 349568K, used 6722K [0x00000007a0000000, 0x00000007b5560000, 0x00000007e0000000)
   the space 349568K,   1% used [0x00000007a0000000, 0x00000007a0690ab8, 0x00000007a0690c00, 0x00000007b5560000)
 compacting perm gen  total 31488K, used 31200K [0x00000007e0000000, 0x00000007e1ec0000, 0x0000000800000000)
   the space 31488K,  99% used [0x00000007e0000000, 0x00000007e1e78198, 0x00000007e1e78200, 0x00000007e1ec0000)
No shared spaces configured.
Event: 7.874 GC heap after
Heap after GC invocations=3 (full 1):
 def new generation   total 157376K, used 11472K [0x0000000780000000, 0x000000078aac0000, 0x00000007a0000000)
  eden space 139904K,   0% used [0x0000000780000000, 0x0000000780000000, 0x00000007888a0000)
  from space 17472K,  65% used [0x00000007899b0000, 0x000000078a4e40c8, 0x000000078aac0000)
  to   space 17472K,   0% used [0x00000007888a0000, 0x00000007888a0000, 0x00000007899b0000)
 tenured generation   total 349568K, used 6722K [0x00000007a0000000, 0x00000007b5560000, 0x00000007e0000000)
   the space 349568K,   1% used [0x00000007a0000000, 0x00000007a0690ab8, 0x00000007a0690c00, 0x00000007b5560000)
 compacting perm gen  total 31488K, used 31200K [0x00000007e0000000, 0x00000007e1ec0000, 0x0000000800000000)
   the space 31488K,  99% used [0x00000007e0000000, 0x00000007e1e78198, 0x00000007e1e78200, 0x00000007e1ec0000)
No shared spaces configured.
}
Event: 8.770 GC heap before
{Heap before GC invocations=3 (full 1):
 def new generation   total 157376K, used 95001K [0x0000000780000000, 0x000000078aac0000, 0x00000007a0000000)
  eden space 139904K,  59% used [0x0000000780000000, 0x00000007851924f8, 0x00000007888a0000)
  from space 17472K,  65% used [0x00000007899b0000, 0x000000078a4e40c8, 0x000000078aac0000)
  to   space 17472K,   0% used [0x00000007888a0000, 0x00000007888a0000, 0x00000007899b0000)
 tenured generation   total 349568K, used 6722K [0x00000007a0000000, 0x00000007b5560000, 0x00000007e0000000)
   the space 349568K,   1% used [0x00000007a0000000, 0x00000007a0690ab8, 0x00000007a0690c00, 0x00000007b5560000)
 compacting perm gen  total 32128K, used 32127K [0x00000007e0000000, 0x00000007e1f60000, 0x0000000800000000)
   the space 32128K,  99% used [0x00000007e0000000, 0x00000007e1f5fff8, 0x00000007e1f60000, 0x00000007e1f60000)
No shared spaces configured.

Deoptimization events (10 events):
Event: 8.404 Thread 0x00007f7fb1c30000 Uncommon trap -34 fr.pc 0x000000010d1b0764
Event: 8.405 Thread 0x00007f7fb1c30000 Uncommon trap -83 fr.pc 0x000000010d2bf4b0
Event: 8.424 Thread 0x00007f7fb1c30000 Uncommon trap -34 fr.pc 0x000000010d1b0764
Event: 8.425 Thread 0x00007f7fb1c30000 Uncommon trap -34 fr.pc 0x000000010d1b0764
Event: 8.704 Thread 0x00007f7fb1c30000 Uncommon trap -34 fr.pc 0x000000010d1efe74
Event: 8.704 Thread 0x00007f7fb1c30000 Uncommon trap -34 fr.pc 0x000000010d1efe74
Event: 8.704 Thread 0x00007f7fb1c30000 Uncommon trap -34 fr.pc 0x000000010d1efe74
Event: 8.704 Thread 0x00007f7fb1c30000 Uncommon trap -34 fr.pc 0x000000010d1efe74
Event: 8.705 Thread 0x00007f7fb1c30000 Uncommon trap -34 fr.pc 0x000000010d2500bc
Event: 8.718 Thread 0x00007f7fb1c30000 Uncommon trap -42 fr.pc 0x000000010d23f7e4

Internal exceptions (10 events):
Event: 8.739 Thread 0x00007f7fb1c30000 Threw 0x0000000785076000 at /HUDSON/workspace/jdk7u17-2-build-macosx-amd64-product/jdk7u17/hotspot/src/share/vm/prims/jvm.cpp:1166
Event: 8.740 Thread 0x00007f7fb1c30000 Threw 0x0000000785079a60 at /HUDSON/workspace/jdk7u17-2-build-macosx-amd64-product/jdk7u17/hotspot/src/share/vm/prims/jvm.cpp:1166
Event: 8.740 Thread 0x00007f7fb1c30000 Threw 0x000000078507a0b0 at /HUDSON/workspace/jdk7u17-2-build-macosx-amd64-product/jdk7u17/hotspot/src/share/vm/prims/jvm.cpp:1166
Event: 8.740 Thread 0x00007f7fb1c30000 Threw 0x000000078507ad68 at /HUDSON/workspace/jdk7u17-2-build-macosx-amd64-product/jdk7u17/hotspot/src/share/vm/prims/jvm.cpp:1166
Event: 8.740 Thread 0x00007f7fb1c30000 Threw 0x000000078507e898 at /HUDSON/workspace/jdk7u17-2-build-macosx-amd64-product/jdk7u17/hotspot/src/share/vm/prims/jvm.cpp:1166
Event: 8.740 Thread 0x00007f7fb1c30000 Threw 0x000000078507ee38 at /HUDSON/workspace/jdk7u17-2-build-macosx-amd64-product/jdk7u17/hotspot/src/share/vm/prims/jvm.cpp:1166
Event: 8.740 Thread 0x00007f7fb1c30000 Threw 0x000000078507f8a0 at /HUDSON/workspace/jdk7u17-2-build-macosx-amd64-product/jdk7u17/hotspot/src/share/vm/prims/jvm.cpp:1166
Event: 8.761 Thread 0x00007f7fb1c30000 Threw 0x000000078512fed8 at /HUDSON/workspace/jdk7u17-2-build-macosx-amd64-product/jdk7u17/hotspot/src/share/vm/prims/jvm.cpp:1166
Event: 8.761 Thread 0x00007f7fb1c30000 Threw 0x0000000785130638 at /HUDSON/workspace/jdk7u17-2-build-macosx-amd64-product/jdk7u17/hotspot/src/share/vm/prims/jvm.cpp:1166
Event: 8.761 Thread 0x00007f7fb1c30000 Threw 0x0000000785131320 at /HUDSON/workspace/jdk7u17-2-build-macosx-amd64-product/jdk7u17/hotspot/src/share/vm/prims/jvm.cpp:1166

Events (10 events):
Event: 8.739 loading class 0x00007f7fb2162920 done
Event: 8.739 loading class 0x00007f7fb2164360
Event: 8.739 loading class 0x00007f7fb2164360 done
Event: 8.740 loading class 0x00007f7fb2162ca0
Event: 8.740 loading class 0x00007f7fb2162ca0 done
Event: 8.740 loading class 0x00007f7fb21611a0
Event: 8.740 loading class 0x00007f7fb21611a0 done
Event: 8.761 loading class 0x00007f7fb2162e80
Event: 8.761 loading class 0x00007f7fb2162e80 done
Event: 8.770 Executing VM operation: GenCollectForPermanentAllocation


Dynamic libraries:
0x0000000009b81000 	/System/Library/Frameworks/Cocoa.framework/Versions/A/Cocoa
0x0000000009b81000 	/System/Library/Frameworks/Security.framework/Versions/A/Security
0x0000000009b81000 	/System/Library/Frameworks/ApplicationServices.framework/Versions/A/ApplicationServices
0x0000000009b81000 	/usr/lib/libz.1.dylib
0x0000000009b81000 	/usr/lib/libSystem.B.dylib
0x0000000009b81000 	/usr/lib/libobjc.A.dylib
0x0000000009b81000 	/System/Library/Frameworks/CoreFoundation.framework/Versions/A/CoreFoundation
0x0000000009b81000 	/System/Library/Frameworks/AppKit.framework/Versions/C/AppKit
0x0000000009b81000 	/System/Library/Frameworks/CoreData.framework/Versions/A/CoreData
0x0000000009b81000 	/System/Library/Frameworks/Foundation.framework/Versions/C/Foundation
0x0000000009b81000 	/System/Library/PrivateFrameworks/RemoteViewServices.framework/Versions/A/RemoteViewServices
0x0000000009b81000 	/System/Library/Frameworks/AudioToolbox.framework/Versions/A/AudioToolbox
0x0000000009b81000 	/System/Library/Frameworks/AudioUnit.framework/Versions/A/AudioUnit
0x0000000009b81000 	/System/Library/PrivateFrameworks/DataDetectorsCore.framework/Versions/A/DataDetectorsCore
0x0000000009b81000 	/System/Library/PrivateFrameworks/DesktopServicesPriv.framework/Versions/A/DesktopServicesPriv
0x0000000009b81000 	/System/Library/Frameworks/Carbon.framework/Versions/A/Frameworks/HIToolbox.framework/Versions/A/HIToolbox
0x0000000009b81000 	/System/Library/Frameworks/QuartzCore.framework/Versions/A/QuartzCore
0x0000000009b81000 	/System/Library/Frameworks/Carbon.framework/Versions/A/Frameworks/SpeechRecognition.framework/Versions/A/SpeechRecognition
0x0000000009b81000 	/usr/lib/libauto.dylib
0x0000000009b81000 	/usr/lib/libicucore.A.dylib
0x0000000009b81000 	/usr/lib/libxml2.2.dylib
0x0000000009b81000 	/System/Library/PrivateFrameworks/CoreUI.framework/Versions/A/CoreUI
0x0000000009b81000 	/System/Library/Frameworks/CoreAudio.framework/Versions/A/CoreAudio
0x0000000009b81000 	/System/Library/Frameworks/DiskArbitration.framework/Versions/A/DiskArbitration
0x0000000009b81000 	/usr/lib/liblangid.dylib
0x0000000009b81000 	/System/Library/PrivateFrameworks/MultitouchSupport.framework/Versions/A/MultitouchSupport
0x0000000009b81000 	/System/Library/Frameworks/IOKit.framework/Versions/A/IOKit
0x0000000009b81000 	/usr/lib/libDiagnosticMessagesClient.dylib
0x0000000009b81000 	/System/Library/Frameworks/CoreServices.framework/Versions/A/CoreServices
0x0000000009b81000 	/System/Library/PrivateFrameworks/PerformanceAnalysis.framework/Versions/A/PerformanceAnalysis
0x0000000009b81000 	/System/Library/PrivateFrameworks/GenerationalStorage.framework/Versions/A/GenerationalStorage
0x0000000009b81000 	/System/Library/Frameworks/OpenGL.framework/Versions/A/OpenGL
0x0000000009b81000 	/System/Library/PrivateFrameworks/Sharing.framework/Versions/A/Sharing
0x0000000009b81000 	/System/Library/Frameworks/ImageIO.framework/Versions/A/ImageIO
0x0000000009b81000 	/System/Library/Frameworks/CoreText.framework/Versions/A/CoreText
0x0000000009b81000 	/System/Library/Frameworks/CoreGraphics.framework/Versions/A/CoreGraphics
0x0000000009b81000 	/System/Library/PrivateFrameworks/Backup.framework/Versions/A/Backup
0x0000000009b81000 	/System/Library/Frameworks/CFNetwork.framework/Versions/A/CFNetwork
0x0000000009b81000 	/System/Library/Frameworks/SystemConfiguration.framework/Versions/A/SystemConfiguration
0x0000000009b81000 	/usr/lib/libCRFSuite.dylib
0x0000000009b81000 	/usr/lib/libc++.1.dylib
0x0000000009b81000 	/usr/lib/libc++abi.dylib
0x0000000009b81000 	/usr/lib/system/libcache.dylib
0x0000000009b81000 	/usr/lib/system/libcommonCrypto.dylib
0x0000000009b81000 	/usr/lib/system/libcompiler_rt.dylib
0x0000000009b81000 	/usr/lib/system/libcopyfile.dylib
0x0000000009b81000 	/usr/lib/system/libcorecrypto.dylib
0x0000000009b81000 	/usr/lib/system/libdispatch.dylib
0x0000000009b81000 	/usr/lib/system/libdyld.dylib
0x0000000009b81000 	/usr/lib/system/libkeymgr.dylib
0x0000000009b81000 	/usr/lib/system/liblaunch.dylib
0x0000000009b81000 	/usr/lib/system/libmacho.dylib
0x0000000009b81000 	/usr/lib/system/libquarantine.dylib
0x0000000009b81000 	/usr/lib/system/libremovefile.dylib
0x0000000009b81000 	/usr/lib/system/libsystem_asl.dylib
0x0000000009b81000 	/usr/lib/system/libsystem_blocks.dylib
0x0000000009b81000 	/usr/lib/system/libsystem_c.dylib
0x0000000009b81000 	/usr/lib/system/libsystem_configuration.dylib
0x0000000009b81000 	/usr/lib/system/libsystem_dnssd.dylib
0x0000000009b81000 	/usr/lib/system/libsystem_info.dylib
0x0000000009b81000 	/usr/lib/system/libsystem_kernel.dylib
0x0000000009b81000 	/usr/lib/system/libsystem_m.dylib
0x0000000009b81000 	/usr/lib/system/libsystem_malloc.dylib
0x0000000009b81000 	/usr/lib/system/libsystem_network.dylib
0x0000000009b81000 	/usr/lib/system/libsystem_notify.dylib
0x0000000009b81000 	/usr/lib/system/libsystem_platform.dylib
0x0000000009b81000 	/usr/lib/system/libsystem_pthread.dylib
0x0000000009b81000 	/usr/lib/system/libsystem_sandbox.dylib
0x0000000009b81000 	/usr/lib/system/libsystem_stats.dylib
0x0000000009b81000 	/usr/lib/system/libunc.dylib
0x0000000009b81000 	/usr/lib/system/libunwind.dylib
0x0000000009b81000 	/usr/lib/system/libxpc.dylib
0x0000000009b81000 	/usr/lib/libbsm.0.dylib
0x0000000009b81000 	/usr/lib/libsqlite3.dylib
0x0000000009b81000 	/usr/lib/libxar.1.dylib
0x0000000009b81000 	/usr/lib/libpam.2.dylib
0x0000000009b81000 	/usr/lib/libOpenScriptingUtil.dylib
0x0000000009b81000 	/usr/lib/libbz2.1.0.dylib
0x0000000009b81000 	/System/Library/Frameworks/CoreServices.framework/Versions/A/Frameworks/CarbonCore.framework/Versions/A/CarbonCore
0x0000000009b81000 	/System/Library/Frameworks/CoreServices.framework/Versions/A/Frameworks/Metadata.framework/Versions/A/Metadata
0x0000000009b81000 	/System/Library/Frameworks/CoreServices.framework/Versions/A/Frameworks/OSServices.framework/Versions/A/OSServices
0x0000000009b81000 	/System/Library/Frameworks/CoreServices.framework/Versions/A/Frameworks/SearchKit.framework/Versions/A/SearchKit
0x0000000009b81000 	/System/Library/Frameworks/CoreServices.framework/Versions/A/Frameworks/AE.framework/Versions/A/AE
0x0000000009b81000 	/System/Library/Frameworks/CoreServices.framework/Versions/A/Frameworks/LaunchServices.framework/Versions/A/LaunchServices
0x0000000009b81000 	/System/Library/Frameworks/CoreServices.framework/Versions/A/Frameworks/DictionaryServices.framework/Versions/A/DictionaryServices
0x0000000009b81000 	/System/Library/Frameworks/NetFS.framework/Versions/A/NetFS
0x0000000009b81000 	/usr/lib/system/libkxld.dylib
0x0000000009b81000 	/System/Library/PrivateFrameworks/NetAuth.framework/Versions/A/NetAuth
0x0000000009b81000 	/System/Library/PrivateFrameworks/TCC.framework/Versions/A/TCC
0x0000000009b81000 	/System/Library/Frameworks/OpenDirectory.framework/Versions/A/Frameworks/CFOpenDirectory.framework/Versions/A/CFOpenDirectory
0x0000000009b81000 	/System/Library/Frameworks/ServiceManagement.framework/Versions/A/ServiceManagement
0x0000000009b81000 	/usr/lib/libxslt.1.dylib
0x0000000009b81000 	/System/Library/Frameworks/Carbon.framework/Versions/A/Frameworks/Ink.framework/Versions/A/Ink
0x0000000009b81000 	/System/Library/Frameworks/ApplicationServices.framework/Versions/A/Frameworks/ATS.framework/Versions/A/ATS
0x0000000009b81000 	/System/Library/Frameworks/ApplicationServices.framework/Versions/A/Frameworks/ColorSync.framework/Versions/A/ColorSync
0x0000000009b81000 	/System/Library/Frameworks/ApplicationServices.framework/Versions/A/Frameworks/HIServices.framework/Versions/A/HIServices
0x0000000009b81000 	/System/Library/Frameworks/ApplicationServices.framework/Versions/A/Frameworks/LangAnalysis.framework/Versions/A/LangAnalysis
0x0000000009b81000 	/System/Library/Frameworks/ApplicationServices.framework/Versions/A/Frameworks/PrintCore.framework/Versions/A/PrintCore
0x0000000009b81000 	/System/Library/Frameworks/ApplicationServices.framework/Versions/A/Frameworks/QD.framework/Versions/A/QD
0x0000000009b81000 	/System/Library/Frameworks/ApplicationServices.framework/Versions/A/Frameworks/SpeechSynthesis.framework/Versions/A/SpeechSynthesis
0x0000000009b81000 	/System/Library/Frameworks/IOSurface.framework/Versions/A/IOSurface
0x0000000009b81000 	/System/Library/Frameworks/Accelerate.framework/Versions/A/Accelerate
0x0000000009b81000 	/System/Library/Frameworks/Accelerate.framework/Versions/A/Frameworks/vImage.framework/Versions/A/vImage
0x0000000009b81000 	/System/Library/Frameworks/Accelerate.framework/Versions/A/Frameworks/vecLib.framework/Versions/A/vecLib
0x0000000009b81000 	/System/Library/Frameworks/Accelerate.framework/Versions/A/Frameworks/vecLib.framework/Versions/A/libvDSP.dylib
0x0000000009b81000 	/System/Library/Frameworks/Accelerate.framework/Versions/A/Frameworks/vecLib.framework/Versions/A/libvMisc.dylib
0x0000000009b81000 	/System/Library/Frameworks/Accelerate.framework/Versions/A/Frameworks/vecLib.framework/Versions/A/libLAPACK.dylib
0x0000000009b81000 	/System/Library/Frameworks/Accelerate.framework/Versions/A/Frameworks/vecLib.framework/Versions/A/libBLAS.dylib
0x0000000009b81000 	/System/Library/Frameworks/ApplicationServices.framework/Versions/A/Frameworks/ATS.framework/Versions/A/Resources/libFontParser.dylib
0x0000000009b81000 	/System/Library/Frameworks/ApplicationServices.framework/Versions/A/Frameworks/ATS.framework/Versions/A/Resources/libFontRegistry.dylib
0x0000000009b81000 	/System/Library/Frameworks/ImageIO.framework/Versions/A/Resources/libJPEG.dylib
0x0000000009b81000 	/System/Library/Frameworks/ImageIO.framework/Versions/A/Resources/libTIFF.dylib
0x0000000009b81000 	/System/Library/Frameworks/ImageIO.framework/Versions/A/Resources/libPng.dylib
0x0000000009b81000 	/System/Library/Frameworks/ImageIO.framework/Versions/A/Resources/libGIF.dylib
0x0000000009b81000 	/System/Library/Frameworks/ImageIO.framework/Versions/A/Resources/libJP2.dylib
0x0000000009b81000 	/System/Library/Frameworks/ImageIO.framework/Versions/A/Resources/libRadiance.dylib
0x0000000009b81000 	/usr/lib/libcups.2.dylib
0x0000000009b81000 	/System/Library/Frameworks/Kerberos.framework/Versions/A/Kerberos
0x0000000009b81000 	/System/Library/Frameworks/GSS.framework/Versions/A/GSS
0x0000000009b81000 	/usr/lib/libresolv.9.dylib
0x0000000009b81000 	/usr/lib/libiconv.2.dylib
0x0000000009b81000 	/System/Library/PrivateFrameworks/Heimdal.framework/Versions/A/Heimdal
0x0000000009b81000 	/System/Library/PrivateFrameworks/TrustEvaluationAgent.framework/Versions/A/TrustEvaluationAgent
0x0000000009b81000 	/usr/lib/libheimdal-asn1.dylib
0x0000000009b81000 	/System/Library/Frameworks/OpenDirectory.framework/Versions/A/OpenDirectory
0x0000000009b81000 	/System/Library/PrivateFrameworks/CommonAuth.framework/Versions/A/CommonAuth
0x0000000009b81000 	/System/Library/Frameworks/SecurityFoundation.framework/Versions/A/SecurityFoundation
0x0000000009b81000 	/System/Library/PrivateFrameworks/Bom.framework/Versions/A/Bom
0x0000000009b81000 	/System/Library/Frameworks/CoreVideo.framework/Versions/A/CoreVideo
0x0000000009b81000 	/System/Library/Frameworks/QuartzCore.framework/Versions/A/Frameworks/CoreImage.framework/Versions/A/CoreImage
0x0000000009b81000 	/System/Library/Frameworks/QuartzCore.framework/Versions/A/Frameworks/ScalableUserInterface.framework/Versions/A/ScalableUserInterface
0x0000000009b81000 	/System/Library/Frameworks/OpenGL.framework/Versions/A/Libraries/libGLU.dylib
0x0000000009b81000 	/System/Library/Frameworks/OpenGL.framework/Versions/A/Libraries/libGFXShared.dylib
0x0000000009b81000 	/System/Library/Frameworks/OpenGL.framework/Versions/A/Libraries/libGL.dylib
0x0000000009b81000 	/System/Library/Frameworks/OpenGL.framework/Versions/A/Libraries/libGLImage.dylib
0x0000000009b81000 	/System/Library/Frameworks/OpenGL.framework/Versions/A/Libraries/libCVMSPluginSupport.dylib
0x0000000009b81000 	/System/Library/Frameworks/OpenGL.framework/Versions/A/Libraries/libCoreVMClient.dylib
0x0000000009b81000 	/System/Library/PrivateFrameworks/FaceCore.framework/Versions/A/FaceCore
0x0000000009b81000 	/System/Library/PrivateFrameworks/CrashReporterSupport.framework/Versions/A/CrashReporterSupport
0x0000000009b81000 	/System/Library/Frameworks/OpenCL.framework/Versions/A/OpenCL
0x0000000009b81000 	/System/Library/PrivateFrameworks/AppleFSCompression.framework/Versions/A/AppleFSCompression
0x0000000009b81000 	/System/Library/PrivateFrameworks/Ubiquity.framework/Versions/A/Ubiquity
0x0000000009b81000 	/System/Library/PrivateFrameworks/IconServices.framework/Versions/A/IconServices
0x0000000009b81000 	/System/Library/PrivateFrameworks/ChunkingLibrary.framework/Versions/A/ChunkingLibrary
0x0000000009b81000 	/System/Library/PrivateFrameworks/CoreSymbolication.framework/Versions/A/CoreSymbolication
0x0000000009b81000 	/System/Library/PrivateFrameworks/Symbolication.framework/Versions/A/Symbolication
0x0000000009b81000 	/System/Library/PrivateFrameworks/DebugSymbols.framework/Versions/A/DebugSymbols
0x000000010c600000 	/Library/Java/JavaVirtualMachines/jdk1.7.0_17.jdk/Contents/Home/jre/lib/server/libjvm.dylib
0x0000000009b81000 	/usr/lib/libstdc++.6.dylib
0x000000010d0a7000 	/Library/Java/JavaVirtualMachines/jdk1.7.0_17.jdk/Contents/Home/jre/lib/libverify.dylib
0x000000010d0b4000 	/Library/Java/JavaVirtualMachines/jdk1.7.0_17.jdk/Contents/Home/jre/lib/libjava.dylib
0x000000010d0ec000 	/Library/Java/JavaVirtualMachines/jdk1.7.0_17.jdk/Contents/Home/jre/lib/libzip.dylib
0x000000011a05a000 	/System/Library/Frameworks/JavaVM.framework/Frameworks/JavaRuntimeSupport.framework/JavaRuntimeSupport
0x000000011a072000 	/System/Library/Frameworks/JavaVM.framework/Versions/A/Frameworks/JavaNativeFoundation.framework/Versions/A/JavaNativeFoundation
0x000000011a087000 	/System/Library/Frameworks/JavaVM.framework/Versions/A/JavaVM
0x0000000009b81000 	/System/Library/Frameworks/Carbon.framework/Versions/A/Carbon
0x000000011a094000 	/System/Library/PrivateFrameworks/JavaLaunching.framework/Versions/A/JavaLaunching
0x0000000009b81000 	/System/Library/Frameworks/Carbon.framework/Versions/A/Frameworks/CommonPanels.framework/Versions/A/CommonPanels
0x0000000009b81000 	/System/Library/Frameworks/Carbon.framework/Versions/A/Frameworks/Help.framework/Versions/A/Help
0x0000000009b81000 	/System/Library/Frameworks/Carbon.framework/Versions/A/Frameworks/ImageCapture.framework/Versions/A/ImageCapture
0x0000000009b81000 	/System/Library/Frameworks/Carbon.framework/Versions/A/Frameworks/OpenScripting.framework/Versions/A/OpenScripting
0x0000000009b81000 	/System/Library/Frameworks/Carbon.framework/Versions/A/Frameworks/Print.framework/Versions/A/Print
0x0000000009b81000 	/System/Library/Frameworks/Carbon.framework/Versions/A/Frameworks/SecurityHI.framework/Versions/A/SecurityHI
0x000000011a800000 	/Library/Java/JavaVirtualMachines/jdk1.7.0_17.jdk/Contents/Home/jre/lib/libnet.dylib
0x000000011a85d000 	/Library/Java/JavaVirtualMachines/jdk1.7.0_17.jdk/Contents/Home/jre/lib/libnio.dylib

VM Arguments:
jvm_args: -Xms512M -Xmx1536M -Xss1M -XX:ReservedCodeCacheSize=192m -XX:+CMSClassUnloadingEnabled -XX:MaxPermSize=512M -Dfile.encoding=UTF-8 -Dplay.version=2.2.1 -Dplay.home=/Users/johnjohn/Development/play-2.2.1/framework -Dsbt.boot.properties=/Users/johnjohn/Development/play-2.2.1/framework/sbt/sbt.boot.properties 
java_command: /Users/johnjohn/Development/play-2.2.1/framework/sbt/sbt-launch.jar test
Launcher Type: SUN_STANDARD

Environment Variables:
PATH=/Users/johnjohn/.nvm/v0.10.21/bin:/opt/local/bin:/opt/local/sbin:/Users/johnjohn/Developmen:wt/scala/scala-2.10.3/bin:/Applications/Postgres.app/Contents/MacOS/bin:/Developer/usr/bin/:/Library/Frameworks/Python.framework/Versions/2.7/bin:/opt/local/bin:/opt/local/sbin:/usr/bin:/bin:/usr/sbin:/sbin:/usr/local/bin:/Users/JohnJohn/Development/play-2.2.0:/opt/X11/bin:/usr/local/CrossPack-AVR/bin:/Users/johnjohn/.rvm/bin:/Users/johnjohn/Development/play-2.2.1:/Users/johnjohn/Development/Android/adt-bundle-mac-x86_64-20131030/sdk/tools:/Users/johnjohn/Development/Android/adt-bundle-mac-x86_64-20131030/sdk/platform-tools:/Users/johnjohn/bin
SHELL=/bin/bash
DISPLAY=/tmp/launch-zjT1g1/org.macosforge.xquartz:0

Signal Handlers:
SIGSEGV: [libjvm.dylib+0x4a361d], sa_mask[0]=0xfffefeff, sa_flags=0x00000042
SIGBUS: [libjvm.dylib+0x4a361d], sa_mask[0]=0xfffefeff, sa_flags=0x00000042
SIGFPE: [libjvm.dylib+0x3b302d], sa_mask[0]=0xfffefeff, sa_flags=0x00000042
SIGPIPE: [libjvm.dylib+0x3b302d], sa_mask[0]=0xfffefeff, sa_flags=0x00000042
SIGXFSZ: [libjvm.dylib+0x3b302d], sa_mask[0]=0xfffefeff, sa_flags=0x00000042
SIGILL: [libjvm.dylib+0x3b302d], sa_mask[0]=0xfffefeff, sa_flags=0x00000042
SIGUSR1: SIG_DFL, sa_mask[0]=0x63807efb, sa_flags=0x00000000
SIGUSR2: [libjvm.dylib+0x3b2bc6], sa_mask[0]=0x00000000, sa_flags=0x00000042
SIGHUP: [libjvm.dylib+0x3b0e27], sa_mask[0]=0xfffefeff, sa_flags=0x00000042
SIGINT: [libjvm.dylib+0x3b0e27], sa_mask[0]=0xfffefeff, sa_flags=0x00000042
SIGTERM: [libjvm.dylib+0x3b0e27], sa_mask[0]=0xfffefeff, sa_flags=0x00000042
SIGQUIT: [libjvm.dylib+0x3b0e27], sa_mask[0]=0xfffefeff, sa_flags=0x00000042


---------------  S Y S T E M  ---------------

OS:Bsduname:Darwin 13.1.0 Darwin Kernel Version 13.1.0: Thu Jan 16 19:40:37 PST 2014; root:xnu-2422.90.20~2/RELEASE_X86_64 x86_64
rlimit: STACK 8192k, CORE 0k, NPROC 709, NOFILE 10240, AS infinity
load average:1.92 2.11 2.20

CPU:total 2 (2 cores per cpu, 1 threads per core) family 6 model 23 stepping 10, cmov, cx8, fxsr, mmx, sse, sse2, sse3, ssse3, sse4.1, tsc

Memory: 4k page, physical 1589128k(397282k free)

/proc/meminfo:


vm_info: Java HotSpot(TM) 64-Bit Server VM (23.7-b01) for bsd-amd64 JRE (1.7.0_17-b02), built on Mar  1 2013 06:41:23 by "java_re" with gcc 4.2.1 (Based on Apple Inc. build 5658) (LLVM build 2336.11.00)

time: Mon Mar  3 15:25:56 2014
elapsed time: 8 seconds

