#
# A fatal error has been detected by the Java Runtime Environment:
#
#  SIGSEGV (0xb) at pc=0x000000010d17be28, pid=2026, tid=9267
#
# JRE version: 7.0_17-b02
# Java VM: Java HotSpot(TM) 64-Bit Server VM (23.7-b01 mixed mode bsd-amd64 compressed oops)
# Problematic frame:
# V  [libjvm.dylib+0x17be28]
#
# Failed to write core dump. Core dumps have been disabled. To enable core dumping, try "ulimit -c unlimited" before starting Java again
#
# If you would like to submit a bug report, please visit:
#   http://bugreport.sun.com/bugreport/crash.jsp
#

---------------  T H R E A D  ---------------

Current thread (0x00007fc2e2815800):  VMThread [stack: 0x000000011a837000,0x000000011a937000] [id=9267]

siginfo:si_signo=SIGSEGV: si_errno=0, si_code=1 (SEGV_MAPERR), si_addr=0x00000003e0000668

Registers:
RAX=0x00000003e0000660, RBX=0x00000003e0000660, RCX=0x000000011a936803, RDX=0x00000003e0000650
RSP=0x000000011a9367a0, RBP=0x000000011a9367a0, RSI=0x00000003e0000660, RDI=0x00000003e0000660
R8 =0x00000007a0a24b28, R9 =0x000000010d6a27aa, R10=0x0000000097acd663, R11=0x0000000033f004c0
R12=0x0000000781646670, R13=0x000000000000000f, R14=0x0000000781646670, R15=0x0000000781627f48
RIP=0x000000010d17be28, EFLAGS=0x0000000000010202, ERR=0x0000000000000004
  TRAPNO=0x000000000000000e

Top of Stack: (sp=0x000000011a9367a0)
0x000000011a9367a0:   000000011a9367d0 000000010d17c537
0x000000011a9367b0:   000000011a9367d0 0000000784cef978
0x000000011a9367c0:   0000000000000240 0000000781627f48
0x000000011a9367d0:   000000011a936850 000000010d420fed
0x000000011a9367e0:   00007fc2e27f8000 00007fc2e1c18750
0x000000011a9367f0:   000000011a936880 0000000781627f48
0x000000011a936800:   00007fc2e1c18750 00000007a0a24ba0
0x000000011a936810:   0000000780000000 0000000781627318
0x000000011a936820:   0000000000000000 000000011a936880
0x000000011a936830:   00007fc2e1c177f0 0000000008000000
0x000000011a936840:   00007fc2e1c18750 000000011a936880
0x000000011a936850:   000000011a936870 000000010d230158
0x000000011a936860:   00007fc2e1c17cb0 00007fc2e1c177f0
0x000000011a936870:   000000011a9368b0 000000010d227aa9
0x000000011a936880:   00007fc2e1c19220 00007fc2e1c19400
0x000000011a936890:   00000007a0a24c00 00007fc2e1c177f0
0x000000011a9368a0:   00007fc2e1c19c10 000000011a9368d8
0x000000011a9368b0:   000000011a936920 000000010d22a3c2
0x000000011a9368c0:   000000010d72eb60 0000000700000001
0x000000011a9368d0:   000000010d72eb60 0000000000010100
0x000000011a9368e0:   0000000000000000 0000000000000000
0x000000011a9368f0:   0000000005f04100 0000000000000000
0x000000011a936900:   00007fc2e1c0ce50 0000000000000000
0x000000011a936910:   0000000005f041f8 0000000000000001
0x000000011a936920:   000000011a936980 000000010d229fee
0x000000011a936930:   000000010c010100 0000000000000000
0x000000011a936940:   000000011a936980 0000000000000000
0x000000011a936950:   0000000000000000 00007fc2e1c0ce50
0x000000011a936960:   0000000000000000 00000007a0000000
0x000000011a936970:   00007fc2e1c19220 00007fc2e1d18540
0x000000011a936980:   000000011a9369c0 000000010d230a27
0x000000011a936990:   000000011a9369a0 0000000000000001 

Instructions: (pc=0x000000010d17be28)
0x000000010d17be08:   00 5d c3 90 55 48 89 e5 48 8b 47 18 48 89 47 20
0x000000010d17be18:   5d c3 55 48 89 e5 48 8d 47 10 5d c3 55 48 89 e5
0x000000010d17be28:   8b 47 08 5d c3 0f 1f 00 55 48 89 e5 89 f8 83 e0
0x000000010d17be38:   01 5d c3 0f 1f 44 00 00 55 48 89 e5 c1 ef 10 40 

Register to memory mapping:

RAX=0x00000003e0000660 is an unknown value
RBX=0x00000003e0000660 is an unknown value
RCX=0x000000011a936803 is an unknown value
RDX=0x00000003e0000650 is an unknown value
RSP=0x000000011a9367a0 is an unknown value
RBP=0x000000011a9367a0 is an unknown value
RSI=0x00000003e0000660 is an unknown value
RDI=0x00000003e0000660 is an unknown value
R8 =0x00000007a0a24b28 is an unallocated location in the heap
R9 =0x000000010d6a27aa: UseMemSetInBOT+0 in /Library/Java/JavaVirtualMachines/jdk1.7.0_17.jdk/Contents/Home/jre/lib/server/libjvm.dylib at 0x000000010d000000
R10=0x0000000097acd663 is an unknown value
R11=0x0000000033f004c0 is an unknown value
R12=
[error occurred during error reporting (printing register info), id 0xb]

Stack: [0x000000011a837000,0x000000011a937000],  sp=0x000000011a9367a0,  free space=1021k
Native frames: (J=compiled Java code, j=interpreted, Vv=VM code, C=native code)
V  [libjvm.dylib+0x17be28]
V  [libjvm.dylib+0x17c537]
V  [libjvm.dylib+0x420fed]
V  [libjvm.dylib+0x230158]
V  [libjvm.dylib+0x227aa9]
V  [libjvm.dylib+0x22a3c2]
V  [libjvm.dylib+0x229fee]
V  [libjvm.dylib+0x230a27]
V  [libjvm.dylib+0x228d53]
V  [libjvm.dylib+0x22909e]
V  [libjvm.dylib+0x4a3a1b]
V  [libjvm.dylib+0x4a9f05]
V  [libjvm.dylib+0x4a8c8a]
V  [libjvm.dylib+0x4a9078]
V  [libjvm.dylib+0x4a8a27]
V  [libjvm.dylib+0x3b5191]
C  [libsystem_pthread.dylib+0x1899]  _pthread_body+0x8a
C  [libsystem_pthread.dylib+0x172a]  _pthread_struct_init+0x0
C  [libsystem_pthread.dylib+0x5fc9]  thread_start+0xd

VM_Operation (0x000000011bed41f8): GenCollectForPermanentAllocation, mode: safepoint, requested by thread 0x00007fc2e20ac800


---------------  P R O C E S S  ---------------

Java Threads: ( => current thread )
  0x00007fc2e2cfe800 JavaThread "pool-4-thread-3" [_thread_blocked, id=18947, stack(0x000000011bedc000,0x000000011bfdc000)]
  0x00007fc2e20ac800 JavaThread "pool-4-thread-2" [_thread_blocked, id=18691, stack(0x000000011bdd9000,0x000000011bed9000)]
  0x00007fc2e2a99000 JavaThread "pool-4-thread-1" [_thread_blocked, id=18435, stack(0x000000011bcd6000,0x000000011bdd6000)]
  0x00007fc2e2363800 JavaThread "process reaper" daemon [_thread_blocked, id=16387, stack(0x000000011b84e000,0x000000011b876000)]
  0x00007fc2e2085000 JavaThread "Service Thread" daemon [_thread_blocked, id=15875, stack(0x000000011b018000,0x000000011b118000)]
  0x00007fc2e2084800 JavaThread "C2 CompilerThread1" daemon [_thread_blocked, id=15619, stack(0x000000011af15000,0x000000011b015000)]
  0x00007fc2e281a000 JavaThread "C2 CompilerThread0" daemon [_thread_blocked, id=15363, stack(0x000000011ae12000,0x000000011af12000)]
  0x00007fc2e2083800 JavaThread "Signal Dispatcher" daemon [_thread_blocked, id=15107, stack(0x000000011ad0f000,0x000000011ae0f000)]
  0x00007fc2e2816000 JavaThread "Finalizer" daemon [_thread_blocked, id=10251, stack(0x000000011aa3d000,0x000000011ab3d000)]
  0x00007fc2e204c800 JavaThread "Reference Handler" daemon [_thread_blocked, id=9515, stack(0x000000011a93a000,0x000000011aa3a000)]
  0x00007fc2e200f000 JavaThread "main" [_thread_blocked, id=3335, stack(0x000000010daa8000,0x000000010dba8000)]

Other Threads:
=>0x00007fc2e2815800 VMThread [stack: 0x000000011a837000,0x000000011a937000] [id=9267]
  0x00007fc2e2064000 WatcherThread [stack: 0x000000011b11b000,0x000000011b21b000] [id=16131]

VM state:at safepoint (normal execution)

VM Mutex/Monitor currently owned by a thread:  ([mutex/lock_event])
[0x00007fc2e1c10e60] Threads_lock - owner thread: 0x00007fc2e2815800
[0x00007fc2e1c11360] Heap_lock - owner thread: 0x00007fc2e20ac800

Heap
 def new generation   total 157376K, used 90515K [0x0000000780000000, 0x000000078aac0000, 0x00000007a0000000)
  eden space 139904K,  56% used [0x0000000780000000, 0x0000000784cef978, 0x00000007888a0000)
  from space 17472K,  67% used [0x00000007899b0000, 0x000000078a525320, 0x000000078aac0000)
  to   space 17472K,   0% used [0x00000007888a0000, 0x00000007888a0000, 0x00000007899b0000)
 tenured generation   total 349568K, used 6781K [0x00000007a0000000, 0x00000007b5560000, 0x00000007e0000000)
   the space 349568K,   1% used [0x00000007a0000000, 0x00000007a069f560, 0x00000007a0a24c00, 0x00000007b5560000)
 compacting perm gen  total 32128K, used 32127K [0x00000007e0000000, 0x00000007e1f60000, 0x0000000800000000)
   the space 32128K,  99% used [0x00000007e0000000, 0x00000007e1f5ff60, 0x00000007e1f60000, 0x00000007e1f60000)
No shared spaces configured.

Card table byte_map: [0x0000000119eda000,0x000000011a2db000] byte_map_base: 0x00000001162da000

Polling page: 0x000000010cbe4000

Code Cache  [0x000000010dbda000, 0x000000010de4a000, 0x0000000119bda000)
 total_blobs=1300 nmethods=975 adapters=276 free_code_cache=194686Kb largest_free_block=199290496

Compilation events (10 events):
Event: 7.962 Thread 0x00007fc2e281a000 1038             java.io.UnixFileSystem::hashCode (11 bytes)
Event: 7.965 Thread 0x00007fc2e281a000 nmethod 1038 0x000000010ddb1e50 code [0x000000010ddb1fa0, 0x000000010ddb2158]
Event: 7.972 Thread 0x00007fc2e2084800 1039             java.lang.String::toString (2 bytes)
Event: 7.972 Thread 0x00007fc2e2084800 nmethod 1039 0x000000010dcc5590 code [0x000000010dcc56c0, 0x000000010dcc5718]
Event: 7.986 Thread 0x00007fc2e2084800 1040   !         java.util.jar.Attributes::read (410 bytes)
Event: 8.009 Thread 0x00007fc2e281a000 1041             java.util.concurrent.locks.ReentrantLock::tryLock (9 bytes)
Event: 8.011 Thread 0x00007fc2e281a000 nmethod 1041 0x000000010ddb1ad0 code [0x000000010ddb1c20, 0x000000010ddb1d18]
Event: 8.013 Thread 0x00007fc2e281a000 1042             java.util.concurrent.ConcurrentHashMap::entryAt (29 bytes)
Event: 8.014 Thread 0x00007fc2e281a000 nmethod 1042 0x000000010dd0b9d0 code [0x000000010dd0bb00, 0x000000010dd0bb78]
Event: 8.017 Thread 0x00007fc2e2084800 nmethod 1040 0x000000010ddc8b50 code [0x000000010ddc8dc0, 0x000000010ddca0d0]

GC Heap History (7 events):
Event: 3.773 GC heap before
{Heap before GC invocations=0 (full 0):
 def new generation   total 157248K, used 139776K [0x0000000780000000, 0x000000078aaa0000, 0x00000007a0000000)
  eden space 139776K, 100% used [0x0000000780000000, 0x0000000788880000, 0x0000000788880000)
  from space 17472K,   0% used [0x0000000788880000, 0x0000000788880000, 0x0000000789990000)
  to   space 17472K,   0% used [0x0000000789990000, 0x0000000789990000, 0x000000078aaa0000)
 tenured generation   total 349568K, used 0K [0x00000007a0000000, 0x00000007b5560000, 0x00000007e0000000)
   the space 349568K,   0% used [0x00000007a0000000, 0x00000007a0000000, 0x00000007a0000200, 0x00000007b5560000)
 compacting perm gen  total 22848K, used 22618K [0x00000007e0000000, 0x00000007e1650000, 0x0000000800000000)
   the space 22848K,  98% used [0x00000007e0000000, 0x00000007e1616ba8, 0x00000007e1616c00, 0x00000007e1650000)
No shared spaces configured.
Event: 3.839 GC heap after
Heap after GC invocations=1 (full 0):
 def new generation   total 157248K, used 16607K [0x0000000780000000, 0x000000078aaa0000, 0x00000007a0000000)
  eden space 139776K,   0% used [0x0000000780000000, 0x0000000780000000, 0x0000000788880000)
  from space 17472K,  95% used [0x0000000789990000, 0x000000078a9c7f60, 0x000000078aaa0000)
  to   space 17472K,   0% used [0x0000000788880000, 0x0000000788880000, 0x0000000789990000)
 tenured generation   total 349568K, used 0K [0x00000007a0000000, 0x00000007b5560000, 0x00000007e0000000)
   the space 349568K,   0% used [0x00000007a0000000, 0x00000007a0000000, 0x00000007a0000200, 0x00000007b5560000)
 compacting perm gen  total 22848K, used 22618K [0x00000007e0000000, 0x00000007e1650000, 0x0000000800000000)
   the space 22848K,  98% used [0x00000007e0000000, 0x00000007e1616ba8, 0x00000007e1616c00, 0x00000007e1650000)
No shared spaces configured.
}
Event: 4.902 GC heap before
{Heap before GC invocations=1 (full 0):
 def new generation   total 157248K, used 68726K [0x0000000780000000, 0x000000078aaa0000, 0x00000007a0000000)
  eden space 139776K,  37% used [0x0000000780000000, 0x00000007832e59b0, 0x0000000788880000)
  from space 17472K,  95% used [0x0000000789990000, 0x000000078a9c7f60, 0x000000078aaa0000)
  to   space 17472K,   0% used [0x0000000788880000, 0x0000000788880000, 0x0000000789990000)
 tenured generation   total 349568K, used 0K [0x00000007a0000000, 0x00000007b5560000, 0x00000007e0000000)
   the space 349568K,   0% used [0x00000007a0000000, 0x00000007a0000000, 0x00000007a0000200, 0x00000007b5560000)
 compacting perm gen  total 26688K, used 26687K [0x00000007e0000000, 0x00000007e1a10000, 0x0000000800000000)
   the space 26688K,  99% used [0x00000007e0000000, 0x00000007e1a0ffc8, 0x00000007e1a10000, 0x00000007e1a10000)
No shared spaces configured.
Event: 5.032 GC heap after
Heap after GC invocations=2 (full 1):
 def new generation   total 157376K, used 0K [0x0000000780000000, 0x000000078aac0000, 0x00000007a0000000)
  eden space 139904K,   0% used [0x0000000780000000, 0x0000000780000000, 0x00000007888a0000)
  from space 17472K,   0% used [0x00000007888a0000, 0x00000007888a0000, 0x00000007899b0000)
  to   space 17472K,   0% used [0x00000007899b0000, 0x00000007899b0000, 0x000000078aac0000)
 tenured generation   total 349568K, used 6781K [0x00000007a0000000, 0x00000007b5560000, 0x00000007e0000000)
   the space 349568K,   1% used [0x00000007a0000000, 0x00000007a069f560, 0x00000007a069f600, 0x00000007b5560000)
 compacting perm gen  total 26688K, used 26687K [0x00000007e0000000, 0x00000007e1a10000, 0x0000000800000000)
   the space 26688K,  99% used [0x00000007e0000000, 0x00000007e1a0ffc8, 0x00000007e1a10000, 0x00000007e1a10000)
No shared spaces configured.
}
Event: 7.260 GC heap before
{Heap before GC invocations=2 (full 1):
 def new generation   total 157376K, used 139904K [0x0000000780000000, 0x000000078aac0000, 0x00000007a0000000)
  eden space 139904K, 100% used [0x0000000780000000, 0x00000007888a0000, 0x00000007888a0000)
  from space 17472K,   0% used [0x00000007888a0000, 0x00000007888a0000, 0x00000007899b0000)
  to   space 17472K,   0% used [0x00000007899b0000, 0x00000007899b0000, 0x000000078aac0000)
 tenured generation   total 349568K, used 6781K [0x00000007a0000000, 0x00000007b5560000, 0x00000007e0000000)
   the space 349568K,   1% used [0x00000007a0000000, 0x00000007a069f560, 0x00000007a069f600, 0x00000007b5560000)
 compacting perm gen  total 31488K, used 31192K [0x00000007e0000000, 0x00000007e1ec0000, 0x0000000800000000)
   the space 31488K,  99% used [0x00000007e0000000, 0x00000007e1e761e0, 0x00000007e1e76200, 0x00000007e1ec0000)
No shared spaces configured.
Event: 7.313 GC heap after
Heap after GC invocations=3 (full 1):
 def new generation   total 157376K, used 11732K [0x0000000780000000, 0x000000078aac0000, 0x00000007a0000000)
  eden space 139904K,   0% used [0x0000000780000000, 0x0000000780000000, 0x00000007888a0000)
  from space 17472K,  67% used [0x00000007899b0000, 0x000000078a525320, 0x000000078aac0000)
  to   space 17472K,   0% used [0x00000007888a0000, 0x00000007888a0000, 0x00000007899b0000)
 tenured generation   total 349568K, used 6781K [0x00000007a0000000, 0x00000007b5560000, 0x00000007e0000000)
   the space 349568K,   1% used [0x00000007a0000000, 0x00000007a069f560, 0x00000007a069f600, 0x00000007b5560000)
 compacting perm gen  total 31488K, used 31192K [0x00000007e0000000, 0x00000007e1ec0000, 0x0000000800000000)
   the space 31488K,  99% used [0x00000007e0000000, 0x00000007e1e761e0, 0x00000007e1e76200, 0x00000007e1ec0000)
No shared spaces configured.
}
Event: 8.026 GC heap before
{Heap before GC invocations=3 (full 1):
 def new generation   total 157376K, used 90515K [0x0000000780000000, 0x000000078aac0000, 0x00000007a0000000)
  eden space 139904K,  56% used [0x0000000780000000, 0x0000000784cef978, 0x00000007888a0000)
  from space 17472K,  67% used [0x00000007899b0000, 0x000000078a525320, 0x000000078aac0000)
  to   space 17472K,   0% used [0x00000007888a0000, 0x00000007888a0000, 0x00000007899b0000)
 tenured generation   total 349568K, used 6781K [0x00000007a0000000, 0x00000007b5560000, 0x00000007e0000000)
   the space 349568K,   1% used [0x00000007a0000000, 0x00000007a069f560, 0x00000007a069f600, 0x00000007b5560000)
 compacting perm gen  total 32128K, used 32127K [0x00000007e0000000, 0x00000007e1f60000, 0x0000000800000000)
   the space 32128K,  99% used [0x00000007e0000000, 0x00000007e1f5ff60, 0x00000007e1f60000, 0x00000007e1f60000)
No shared spaces configured.

Deoptimization events (10 events):
Event: 7.534 Thread 0x00007fc2e20ac800 Uncommon trap -122 fr.pc 0x000000010ddad150
Event: 7.570 Thread 0x00007fc2e20ac800 Uncommon trap -42 fr.pc 0x000000010ddae16c
Event: 7.570 Thread 0x00007fc2e20ac800 Uncommon trap -42 fr.pc 0x000000010ddae16c
Event: 7.570 Thread 0x00007fc2e20ac800 Uncommon trap -42 fr.pc 0x000000010ddae16c
Event: 7.570 Thread 0x00007fc2e20ac800 Uncommon trap -42 fr.pc 0x000000010ddae16c
Event: 7.734 Thread 0x00007fc2e20ac800 Uncommon trap -34 fr.pc 0x000000010dc934e4
Event: 7.735 Thread 0x00007fc2e20ac800 Uncommon trap -83 fr.pc 0x000000010ddba5ec
Event: 7.745 Thread 0x00007fc2e20ac800 Uncommon trap -34 fr.pc 0x000000010dc934e4
Event: 7.745 Thread 0x00007fc2e20ac800 Uncommon trap -34 fr.pc 0x000000010dc934e4
Event: 7.975 Thread 0x00007fc2e20ac800 Uncommon trap -42 fr.pc 0x000000010dd1d9e4

Internal exceptions (10 events):
Event: 7.997 Thread 0x00007fc2e20ac800 Threw 0x0000000784b99790 at /HUDSON/workspace/jdk7u17-2-build-macosx-amd64-product/jdk7u17/hotspot/src/share/vm/prims/jvm.cpp:1166
Event: 7.997 Thread 0x00007fc2e20ac800 Threw 0x0000000784b9d1f0 at /HUDSON/workspace/jdk7u17-2-build-macosx-amd64-product/jdk7u17/hotspot/src/share/vm/prims/jvm.cpp:1166
Event: 7.997 Thread 0x00007fc2e20ac800 Threw 0x0000000784b9d840 at /HUDSON/workspace/jdk7u17-2-build-macosx-amd64-product/jdk7u17/hotspot/src/share/vm/prims/jvm.cpp:1166
Event: 7.998 Thread 0x00007fc2e20ac800 Threw 0x0000000784b9e4f8 at /HUDSON/workspace/jdk7u17-2-build-macosx-amd64-product/jdk7u17/hotspot/src/share/vm/prims/jvm.cpp:1166
Event: 7.998 Thread 0x00007fc2e20ac800 Threw 0x0000000784ba2028 at /HUDSON/workspace/jdk7u17-2-build-macosx-amd64-product/jdk7u17/hotspot/src/share/vm/prims/jvm.cpp:1166
Event: 7.998 Thread 0x00007fc2e20ac800 Threw 0x0000000784ba25c8 at /HUDSON/workspace/jdk7u17-2-build-macosx-amd64-product/jdk7u17/hotspot/src/share/vm/prims/jvm.cpp:1166
Event: 7.998 Thread 0x00007fc2e20ac800 Threw 0x0000000784ba3030 at /HUDSON/workspace/jdk7u17-2-build-macosx-amd64-product/jdk7u17/hotspot/src/share/vm/prims/jvm.cpp:1166
Event: 8.015 Thread 0x00007fc2e20ac800 Threw 0x0000000784c52d68 at /HUDSON/workspace/jdk7u17-2-build-macosx-amd64-product/jdk7u17/hotspot/src/share/vm/prims/jvm.cpp:1166
Event: 8.015 Thread 0x00007fc2e20ac800 Threw 0x0000000784c534c8 at /HUDSON/workspace/jdk7u17-2-build-macosx-amd64-product/jdk7u17/hotspot/src/share/vm/prims/jvm.cpp:1166
Event: 8.015 Thread 0x00007fc2e20ac800 Threw 0x0000000784c541b0 at /HUDSON/workspace/jdk7u17-2-build-macosx-amd64-product/jdk7u17/hotspot/src/share/vm/prims/jvm.cpp:1166

Events (10 events):
Event: 7.997 loading class 0x00007fc2e309b440
Event: 7.997 loading class 0x00007fc2e309b440 done
Event: 7.998 loading class 0x00007fc2e308c780
Event: 7.998 loading class 0x00007fc2e308c780 done
Event: 8.011 Thread 0x00007fc2e281a000 flushing nmethod 0x000000010dd0b550
Event: 8.014 Thread 0x00007fc2e281a000 flushing nmethod 0x000000010dd184d0
Event: 8.014 Thread 0x00007fc2e281a000 flushing nmethod 0x000000010dd1c410
Event: 8.015 loading class 0x00007fc2e309b620
Event: 8.015 loading class 0x00007fc2e309b620 done
Event: 8.026 Executing VM operation: GenCollectForPermanentAllocation


Dynamic libraries:
0x0000000004b67000 	/System/Library/Frameworks/Cocoa.framework/Versions/A/Cocoa
0x0000000004b67000 	/System/Library/Frameworks/Security.framework/Versions/A/Security
0x0000000004b67000 	/System/Library/Frameworks/ApplicationServices.framework/Versions/A/ApplicationServices
0x0000000004b67000 	/usr/lib/libz.1.dylib
0x0000000004b67000 	/usr/lib/libSystem.B.dylib
0x0000000004b67000 	/usr/lib/libobjc.A.dylib
0x0000000004b67000 	/System/Library/Frameworks/CoreFoundation.framework/Versions/A/CoreFoundation
0x0000000004b67000 	/System/Library/Frameworks/AppKit.framework/Versions/C/AppKit
0x0000000004b67000 	/System/Library/Frameworks/CoreData.framework/Versions/A/CoreData
0x0000000004b67000 	/System/Library/Frameworks/Foundation.framework/Versions/C/Foundation
0x0000000004b67000 	/System/Library/PrivateFrameworks/RemoteViewServices.framework/Versions/A/RemoteViewServices
0x0000000004b67000 	/System/Library/Frameworks/AudioToolbox.framework/Versions/A/AudioToolbox
0x0000000004b67000 	/System/Library/Frameworks/AudioUnit.framework/Versions/A/AudioUnit
0x0000000004b67000 	/System/Library/PrivateFrameworks/DataDetectorsCore.framework/Versions/A/DataDetectorsCore
0x0000000004b67000 	/System/Library/PrivateFrameworks/DesktopServicesPriv.framework/Versions/A/DesktopServicesPriv
0x0000000004b67000 	/System/Library/Frameworks/Carbon.framework/Versions/A/Frameworks/HIToolbox.framework/Versions/A/HIToolbox
0x0000000004b67000 	/System/Library/Frameworks/QuartzCore.framework/Versions/A/QuartzCore
0x0000000004b67000 	/System/Library/Frameworks/Carbon.framework/Versions/A/Frameworks/SpeechRecognition.framework/Versions/A/SpeechRecognition
0x0000000004b67000 	/usr/lib/libauto.dylib
0x0000000004b67000 	/usr/lib/libicucore.A.dylib
0x0000000004b67000 	/usr/lib/libxml2.2.dylib
0x0000000004b67000 	/System/Library/PrivateFrameworks/CoreUI.framework/Versions/A/CoreUI
0x0000000004b67000 	/System/Library/Frameworks/CoreAudio.framework/Versions/A/CoreAudio
0x0000000004b67000 	/System/Library/Frameworks/DiskArbitration.framework/Versions/A/DiskArbitration
0x0000000004b67000 	/usr/lib/liblangid.dylib
0x0000000004b67000 	/System/Library/PrivateFrameworks/MultitouchSupport.framework/Versions/A/MultitouchSupport
0x0000000004b67000 	/System/Library/Frameworks/IOKit.framework/Versions/A/IOKit
0x0000000004b67000 	/usr/lib/libDiagnosticMessagesClient.dylib
0x0000000004b67000 	/System/Library/Frameworks/CoreServices.framework/Versions/A/CoreServices
0x0000000004b67000 	/System/Library/PrivateFrameworks/PerformanceAnalysis.framework/Versions/A/PerformanceAnalysis
0x0000000004b67000 	/System/Library/PrivateFrameworks/GenerationalStorage.framework/Versions/A/GenerationalStorage
0x0000000004b67000 	/System/Library/Frameworks/OpenGL.framework/Versions/A/OpenGL
0x0000000004b67000 	/System/Library/PrivateFrameworks/Sharing.framework/Versions/A/Sharing
0x0000000004b67000 	/System/Library/Frameworks/ImageIO.framework/Versions/A/ImageIO
0x0000000004b67000 	/System/Library/Frameworks/CoreText.framework/Versions/A/CoreText
0x0000000004b67000 	/System/Library/Frameworks/CoreGraphics.framework/Versions/A/CoreGraphics
0x0000000004b67000 	/System/Library/PrivateFrameworks/Backup.framework/Versions/A/Backup
0x0000000004b67000 	/System/Library/Frameworks/CFNetwork.framework/Versions/A/CFNetwork
0x0000000004b67000 	/System/Library/Frameworks/SystemConfiguration.framework/Versions/A/SystemConfiguration
0x0000000004b67000 	/usr/lib/libCRFSuite.dylib
0x0000000004b67000 	/usr/lib/libc++.1.dylib
0x0000000004b67000 	/usr/lib/libc++abi.dylib
0x0000000004b67000 	/usr/lib/system/libcache.dylib
0x0000000004b67000 	/usr/lib/system/libcommonCrypto.dylib
0x0000000004b67000 	/usr/lib/system/libcompiler_rt.dylib
0x0000000004b67000 	/usr/lib/system/libcopyfile.dylib
0x0000000004b67000 	/usr/lib/system/libcorecrypto.dylib
0x0000000004b67000 	/usr/lib/system/libdispatch.dylib
0x0000000004b67000 	/usr/lib/system/libdyld.dylib
0x0000000004b67000 	/usr/lib/system/libkeymgr.dylib
0x0000000004b67000 	/usr/lib/system/liblaunch.dylib
0x0000000004b67000 	/usr/lib/system/libmacho.dylib
0x0000000004b67000 	/usr/lib/system/libquarantine.dylib
0x0000000004b67000 	/usr/lib/system/libremovefile.dylib
0x0000000004b67000 	/usr/lib/system/libsystem_asl.dylib
0x0000000004b67000 	/usr/lib/system/libsystem_blocks.dylib
0x0000000004b67000 	/usr/lib/system/libsystem_c.dylib
0x0000000004b67000 	/usr/lib/system/libsystem_configuration.dylib
0x0000000004b67000 	/usr/lib/system/libsystem_dnssd.dylib
0x0000000004b67000 	/usr/lib/system/libsystem_info.dylib
0x0000000004b67000 	/usr/lib/system/libsystem_kernel.dylib
0x0000000004b67000 	/usr/lib/system/libsystem_m.dylib
0x0000000004b67000 	/usr/lib/system/libsystem_malloc.dylib
0x0000000004b67000 	/usr/lib/system/libsystem_network.dylib
0x0000000004b67000 	/usr/lib/system/libsystem_notify.dylib
0x0000000004b67000 	/usr/lib/system/libsystem_platform.dylib
0x0000000004b67000 	/usr/lib/system/libsystem_pthread.dylib
0x0000000004b67000 	/usr/lib/system/libsystem_sandbox.dylib
0x0000000004b67000 	/usr/lib/system/libsystem_stats.dylib
0x0000000004b67000 	/usr/lib/system/libunc.dylib
0x0000000004b67000 	/usr/lib/system/libunwind.dylib
0x0000000004b67000 	/usr/lib/system/libxpc.dylib
0x0000000004b67000 	/usr/lib/libbsm.0.dylib
0x0000000004b67000 	/usr/lib/libsqlite3.dylib
0x0000000004b67000 	/usr/lib/libxar.1.dylib
0x0000000004b67000 	/usr/lib/libpam.2.dylib
0x0000000004b67000 	/usr/lib/libOpenScriptingUtil.dylib
0x0000000004b67000 	/usr/lib/libbz2.1.0.dylib
0x0000000004b67000 	/System/Library/Frameworks/CoreServices.framework/Versions/A/Frameworks/CarbonCore.framework/Versions/A/CarbonCore
0x0000000004b67000 	/System/Library/Frameworks/CoreServices.framework/Versions/A/Frameworks/Metadata.framework/Versions/A/Metadata
0x0000000004b67000 	/System/Library/Frameworks/CoreServices.framework/Versions/A/Frameworks/OSServices.framework/Versions/A/OSServices
0x0000000004b67000 	/System/Library/Frameworks/CoreServices.framework/Versions/A/Frameworks/SearchKit.framework/Versions/A/SearchKit
0x0000000004b67000 	/System/Library/Frameworks/CoreServices.framework/Versions/A/Frameworks/AE.framework/Versions/A/AE
0x0000000004b67000 	/System/Library/Frameworks/CoreServices.framework/Versions/A/Frameworks/LaunchServices.framework/Versions/A/LaunchServices
0x0000000004b67000 	/System/Library/Frameworks/CoreServices.framework/Versions/A/Frameworks/DictionaryServices.framework/Versions/A/DictionaryServices
0x0000000004b67000 	/System/Library/Frameworks/NetFS.framework/Versions/A/NetFS
0x0000000004b67000 	/usr/lib/system/libkxld.dylib
0x0000000004b67000 	/System/Library/PrivateFrameworks/NetAuth.framework/Versions/A/NetAuth
0x0000000004b67000 	/System/Library/PrivateFrameworks/TCC.framework/Versions/A/TCC
0x0000000004b67000 	/System/Library/Frameworks/OpenDirectory.framework/Versions/A/Frameworks/CFOpenDirectory.framework/Versions/A/CFOpenDirectory
0x0000000004b67000 	/System/Library/Frameworks/ServiceManagement.framework/Versions/A/ServiceManagement
0x0000000004b67000 	/usr/lib/libxslt.1.dylib
0x0000000004b67000 	/System/Library/Frameworks/Carbon.framework/Versions/A/Frameworks/Ink.framework/Versions/A/Ink
0x0000000004b67000 	/System/Library/Frameworks/ApplicationServices.framework/Versions/A/Frameworks/ATS.framework/Versions/A/ATS
0x0000000004b67000 	/System/Library/Frameworks/ApplicationServices.framework/Versions/A/Frameworks/ColorSync.framework/Versions/A/ColorSync
0x0000000004b67000 	/System/Library/Frameworks/ApplicationServices.framework/Versions/A/Frameworks/HIServices.framework/Versions/A/HIServices
0x0000000004b67000 	/System/Library/Frameworks/ApplicationServices.framework/Versions/A/Frameworks/LangAnalysis.framework/Versions/A/LangAnalysis
0x0000000004b67000 	/System/Library/Frameworks/ApplicationServices.framework/Versions/A/Frameworks/PrintCore.framework/Versions/A/PrintCore
0x0000000004b67000 	/System/Library/Frameworks/ApplicationServices.framework/Versions/A/Frameworks/QD.framework/Versions/A/QD
0x0000000004b67000 	/System/Library/Frameworks/ApplicationServices.framework/Versions/A/Frameworks/SpeechSynthesis.framework/Versions/A/SpeechSynthesis
0x0000000004b67000 	/System/Library/Frameworks/IOSurface.framework/Versions/A/IOSurface
0x0000000004b67000 	/System/Library/Frameworks/Accelerate.framework/Versions/A/Accelerate
0x0000000004b67000 	/System/Library/Frameworks/Accelerate.framework/Versions/A/Frameworks/vImage.framework/Versions/A/vImage
0x0000000004b67000 	/System/Library/Frameworks/Accelerate.framework/Versions/A/Frameworks/vecLib.framework/Versions/A/vecLib
0x0000000004b67000 	/System/Library/Frameworks/Accelerate.framework/Versions/A/Frameworks/vecLib.framework/Versions/A/libvDSP.dylib
0x0000000004b67000 	/System/Library/Frameworks/Accelerate.framework/Versions/A/Frameworks/vecLib.framework/Versions/A/libvMisc.dylib
0x0000000004b67000 	/System/Library/Frameworks/Accelerate.framework/Versions/A/Frameworks/vecLib.framework/Versions/A/libLAPACK.dylib
0x0000000004b67000 	/System/Library/Frameworks/Accelerate.framework/Versions/A/Frameworks/vecLib.framework/Versions/A/libBLAS.dylib
0x0000000004b67000 	/System/Library/Frameworks/ApplicationServices.framework/Versions/A/Frameworks/ATS.framework/Versions/A/Resources/libFontParser.dylib
0x0000000004b67000 	/System/Library/Frameworks/ApplicationServices.framework/Versions/A/Frameworks/ATS.framework/Versions/A/Resources/libFontRegistry.dylib
0x0000000004b67000 	/System/Library/Frameworks/ImageIO.framework/Versions/A/Resources/libJPEG.dylib
0x0000000004b67000 	/System/Library/Frameworks/ImageIO.framework/Versions/A/Resources/libTIFF.dylib
0x0000000004b67000 	/System/Library/Frameworks/ImageIO.framework/Versions/A/Resources/libPng.dylib
0x0000000004b67000 	/System/Library/Frameworks/ImageIO.framework/Versions/A/Resources/libGIF.dylib
0x0000000004b67000 	/System/Library/Frameworks/ImageIO.framework/Versions/A/Resources/libJP2.dylib
0x0000000004b67000 	/System/Library/Frameworks/ImageIO.framework/Versions/A/Resources/libRadiance.dylib
0x0000000004b67000 	/usr/lib/libcups.2.dylib
0x0000000004b67000 	/System/Library/Frameworks/Kerberos.framework/Versions/A/Kerberos
0x0000000004b67000 	/System/Library/Frameworks/GSS.framework/Versions/A/GSS
0x0000000004b67000 	/usr/lib/libresolv.9.dylib
0x0000000004b67000 	/usr/lib/libiconv.2.dylib
0x0000000004b67000 	/System/Library/PrivateFrameworks/Heimdal.framework/Versions/A/Heimdal
0x0000000004b67000 	/System/Library/PrivateFrameworks/TrustEvaluationAgent.framework/Versions/A/TrustEvaluationAgent
0x0000000004b67000 	/usr/lib/libheimdal-asn1.dylib
0x0000000004b67000 	/System/Library/Frameworks/OpenDirectory.framework/Versions/A/OpenDirectory
0x0000000004b67000 	/System/Library/PrivateFrameworks/CommonAuth.framework/Versions/A/CommonAuth
0x0000000004b67000 	/System/Library/Frameworks/SecurityFoundation.framework/Versions/A/SecurityFoundation
0x0000000004b67000 	/System/Library/PrivateFrameworks/Bom.framework/Versions/A/Bom
0x0000000004b67000 	/System/Library/Frameworks/CoreVideo.framework/Versions/A/CoreVideo
0x0000000004b67000 	/System/Library/Frameworks/QuartzCore.framework/Versions/A/Frameworks/CoreImage.framework/Versions/A/CoreImage
0x0000000004b67000 	/System/Library/Frameworks/QuartzCore.framework/Versions/A/Frameworks/ScalableUserInterface.framework/Versions/A/ScalableUserInterface
0x0000000004b67000 	/System/Library/Frameworks/OpenGL.framework/Versions/A/Libraries/libGLU.dylib
0x0000000004b67000 	/System/Library/Frameworks/OpenGL.framework/Versions/A/Libraries/libGFXShared.dylib
0x0000000004b67000 	/System/Library/Frameworks/OpenGL.framework/Versions/A/Libraries/libGL.dylib
0x0000000004b67000 	/System/Library/Frameworks/OpenGL.framework/Versions/A/Libraries/libGLImage.dylib
0x0000000004b67000 	/System/Library/Frameworks/OpenGL.framework/Versions/A/Libraries/libCVMSPluginSupport.dylib
0x0000000004b67000 	/System/Library/Frameworks/OpenGL.framework/Versions/A/Libraries/libCoreVMClient.dylib
0x0000000004b67000 	/System/Library/PrivateFrameworks/FaceCore.framework/Versions/A/FaceCore
0x0000000004b67000 	/System/Library/PrivateFrameworks/CrashReporterSupport.framework/Versions/A/CrashReporterSupport
0x0000000004b67000 	/System/Library/Frameworks/OpenCL.framework/Versions/A/OpenCL
0x0000000004b67000 	/System/Library/PrivateFrameworks/AppleFSCompression.framework/Versions/A/AppleFSCompression
0x0000000004b67000 	/System/Library/PrivateFrameworks/Ubiquity.framework/Versions/A/Ubiquity
0x0000000004b67000 	/System/Library/PrivateFrameworks/IconServices.framework/Versions/A/IconServices
0x0000000004b67000 	/System/Library/PrivateFrameworks/ChunkingLibrary.framework/Versions/A/ChunkingLibrary
0x0000000004b67000 	/System/Library/PrivateFrameworks/CoreSymbolication.framework/Versions/A/CoreSymbolication
0x0000000004b67000 	/System/Library/PrivateFrameworks/Symbolication.framework/Versions/A/Symbolication
0x0000000004b67000 	/System/Library/PrivateFrameworks/DebugSymbols.framework/Versions/A/DebugSymbols
0x000000010d000000 	/Library/Java/JavaVirtualMachines/jdk1.7.0_17.jdk/Contents/Home/jre/lib/server/libjvm.dylib
0x0000000004b67000 	/usr/lib/libstdc++.6.dylib
0x000000010cbd7000 	/Library/Java/JavaVirtualMachines/jdk1.7.0_17.jdk/Contents/Home/jre/lib/libverify.dylib
0x000000010dbaa000 	/Library/Java/JavaVirtualMachines/jdk1.7.0_17.jdk/Contents/Home/jre/lib/libjava.dylib
0x000000010cbee000 	/Library/Java/JavaVirtualMachines/jdk1.7.0_17.jdk/Contents/Home/jre/lib/libzip.dylib
0x000000011ab3f000 	/System/Library/Frameworks/JavaVM.framework/Frameworks/JavaRuntimeSupport.framework/JavaRuntimeSupport
0x000000011ab57000 	/System/Library/Frameworks/JavaVM.framework/Versions/A/Frameworks/JavaNativeFoundation.framework/Versions/A/JavaNativeFoundation
0x000000011ab6c000 	/System/Library/Frameworks/JavaVM.framework/Versions/A/JavaVM
0x0000000004b67000 	/System/Library/Frameworks/Carbon.framework/Versions/A/Carbon
0x000000011ab79000 	/System/Library/PrivateFrameworks/JavaLaunching.framework/Versions/A/JavaLaunching
0x0000000004b67000 	/System/Library/Frameworks/Carbon.framework/Versions/A/Frameworks/CommonPanels.framework/Versions/A/CommonPanels
0x0000000004b67000 	/System/Library/Frameworks/Carbon.framework/Versions/A/Frameworks/Help.framework/Versions/A/Help
0x0000000004b67000 	/System/Library/Frameworks/Carbon.framework/Versions/A/Frameworks/ImageCapture.framework/Versions/A/ImageCapture
0x0000000004b67000 	/System/Library/Frameworks/Carbon.framework/Versions/A/Frameworks/OpenScripting.framework/Versions/A/OpenScripting
0x0000000004b67000 	/System/Library/Frameworks/Carbon.framework/Versions/A/Frameworks/Print.framework/Versions/A/Print
0x0000000004b67000 	/System/Library/Frameworks/Carbon.framework/Versions/A/Frameworks/SecurityHI.framework/Versions/A/SecurityHI
0x000000011b2e4000 	/Library/Java/JavaVirtualMachines/jdk1.7.0_17.jdk/Contents/Home/jre/lib/libnet.dylib
0x000000011b341000 	/Library/Java/JavaVirtualMachines/jdk1.7.0_17.jdk/Contents/Home/jre/lib/libnio.dylib

VM Arguments:
jvm_args: -Xms512M -Xmx1536M -Xss1M -XX:ReservedCodeCacheSize=192m -XX:+CMSClassUnloadingEnabled -XX:MaxPermSize=512M -Dfile.encoding=UTF-8 -Dplay.version=2.2.1 -Dplay.home=/Users/johnjohn/Development/play-2.2.1/framework -Dsbt.boot.properties=/Users/johnjohn/Development/play-2.2.1/framework/sbt/sbt.boot.properties 
java_command: /Users/johnjohn/Development/play-2.2.1/framework/sbt/sbt-launch.jar test
Launcher Type: SUN_STANDARD

Environment Variables:
PATH=/Users/johnjohn/.nvm/v0.10.21/bin:/opt/local/bin:/opt/local/sbin:/Users/johnjohn/Developmen:wt/scala/scala-2.10.3/bin:/Applications/Postgres.app/Contents/MacOS/bin:/Developer/usr/bin/:/Library/Frameworks/Python.framework/Versions/2.7/bin:/opt/local/bin:/opt/local/sbin:/usr/bin:/bin:/usr/sbin:/sbin:/usr/local/bin:/Users/JohnJohn/Development/play-2.2.0:/opt/X11/bin:/usr/local/CrossPack-AVR/bin:/Users/johnjohn/.rvm/bin:/Users/johnjohn/Development/play-2.2.1:/Users/johnjohn/Development/Android/adt-bundle-mac-x86_64-20131030/sdk/tools:/Users/johnjohn/Development/Android/adt-bundle-mac-x86_64-20131030/sdk/platform-tools:/Users/johnjohn/bin
SHELL=/bin/bash
DISPLAY=/tmp/launch-MuVI6t/org.macosforge.xquartz:0

Signal Handlers:
SIGSEGV: [libjvm.dylib+0x4a361d], sa_mask[0]=0xfffefeff, sa_flags=0x00000042
SIGBUS: [libjvm.dylib+0x4a361d], sa_mask[0]=0xfffefeff, sa_flags=0x00000042
SIGFPE: [libjvm.dylib+0x3b302d], sa_mask[0]=0xfffefeff, sa_flags=0x00000042
SIGPIPE: [libjvm.dylib+0x3b302d], sa_mask[0]=0xfffefeff, sa_flags=0x00000042
SIGXFSZ: [libjvm.dylib+0x3b302d], sa_mask[0]=0xfffefeff, sa_flags=0x00000042
SIGILL: [libjvm.dylib+0x3b302d], sa_mask[0]=0xfffefeff, sa_flags=0x00000042
SIGUSR1: SIG_DFL, sa_mask[0]=0x63807efb, sa_flags=0x00000000
SIGUSR2: [libjvm.dylib+0x3b2bc6], sa_mask[0]=0x00000000, sa_flags=0x00000042
SIGHUP: [libjvm.dylib+0x3b0e27], sa_mask[0]=0xfffefeff, sa_flags=0x00000042
SIGINT: [libjvm.dylib+0x3b0e27], sa_mask[0]=0xfffefeff, sa_flags=0x00000042
SIGTERM: [libjvm.dylib+0x3b0e27], sa_mask[0]=0xfffefeff, sa_flags=0x00000042
SIGQUIT: [libjvm.dylib+0x3b0e27], sa_mask[0]=0xfffefeff, sa_flags=0x00000042


---------------  S Y S T E M  ---------------

OS:Bsduname:Darwin 13.0.0 Darwin Kernel Version 13.0.0: Thu Sep 19 22:22:27 PDT 2013; root:xnu-2422.1.72~6/RELEASE_X86_64 x86_64
rlimit: STACK 8192k, CORE 0k, NPROC 709, NOFILE 10240, AS infinity
load average:2.28 2.46 2.22

CPU:total 2 (2 cores per cpu, 1 threads per core) family 6 model 23 stepping 10, cmov, cx8, fxsr, mmx, sse, sse2, sse3, ssse3, sse4.1, tsc

Memory: 4k page, physical 1534672k(383668k free)

/proc/meminfo:


vm_info: Java HotSpot(TM) 64-Bit Server VM (23.7-b01) for bsd-amd64 JRE (1.7.0_17-b02), built on Mar  1 2013 06:41:23 by "java_re" with gcc 4.2.1 (Based on Apple Inc. build 5658) (LLVM build 2336.11.00)

time: Mon Feb 24 15:04:31 2014
elapsed time: 8 seconds

